<?xml version="1.0" encoding="UTF-8"?>
<!-- Generated by org.testng.reporters.JUnitXMLReporter -->
<testsuite ignored="3" hostname="LAPTOP-FL6VK954" failures="0" tests="1" name="Default test" time="7.89" errors="0" timestamp="2022-02-13T16:27:24 IST">
  <testcase classname="com.organisation1.MyProject.basetest.CartPageTest" name="ValidateCartColumns" time="2.5"/>
  <testcase classname="com.organisation1.MyProject.basetest.CartPageTest" name="ClickOnContinueShoppingButton" time="0.0">
    <ignored/>
  </testcase> <!-- ClickOnContinueShoppingButton -->
  <testcase classname="com.organisation1.MyProject.basetest.CartPageTest" name="ValidateCartsectionname" time="0.0">
    <ignored/>
  </testcase> <!-- ValidateCartsectionname -->
  <testcase classname="com.organisation1.MyProject.basetest.CartPageTest" name="ValidateCartButtons" time="0.0">
    <ignored/>
  </testcase> <!-- ValidateCartButtons -->
</testsuite> <!-- Default test -->
