<?xml version="1.0" encoding="UTF-8"?>
<!-- Generated by org.testng.reporters.JUnitXMLReporter -->
<testsuite ignored="0" hostname="LAPTOP-FL6VK954" failures="0" tests="6" name="Command line test" time="19.068" errors="0" timestamp="2022-02-17T15:07:44 IST">
  <testcase classname="com.organisation1.MyProject.basetest.CartPageTest" name="ValidateCartsectionname" time="1.121"/>
  <testcase classname="com.organisation1.MyProject.basetest.CartPageTest" name="ValidateCartColumns" time="0.491"/>
  <testcase classname="com.organisation1.MyProject.basetest.CartPageTest" name="ValidateCartButtons" time="0.635"/>
  <testcase classname="com.organisation1.MyProject.basetest.CartPageTest" name="ClickOnContinueShoppingButton" time="0.519"/>
  <testcase classname="com.organisation1.MyProject.basetest.LoginTest" name="Login" time="0.454"/>
  <testcase classname="com.organisation1.MyProject.basetest.LoginTest" name="MenuValidation" time="1.265"/>
</testsuite> <!-- Command line test -->
