<?xml version="1.0" encoding="UTF-8"?>
<!-- Generated by org.testng.reporters.JUnitXMLReporter -->
<testsuite ignored="0" hostname="LAPTOP-FL6VK954" failures="0" tests="6" name="Command line test" time="19.415" errors="0" timestamp="2022-02-18T16:20:50 IST">
  <testcase classname="com.organisation1.MyProject.basetest.CartPageTest" name="ValidateCartsectionname" time="1.208"/>
  <testcase classname="com.organisation1.MyProject.basetest.CartPageTest" name="ValidateCartColumns" time="0.496"/>
  <testcase classname="com.organisation1.MyProject.basetest.CartPageTest" name="ValidateCartButtons" time="0.55"/>
  <testcase classname="com.organisation1.MyProject.basetest.CartPageTest" name="ClickOnContinueShoppingButton" time="0.527"/>
  <testcase classname="com.organisation1.MyProject.basetest.LoginTest" name="Login" time="0.446"/>
  <testcase classname="com.organisation1.MyProject.basetest.LoginTest" name="MenuValidation" time="1.247"/>
</testsuite> <!-- Command line test -->
