<?xml version="1.0" encoding="UTF-8"?>
<testng-results ignored="0" total="6" passed="6" failed="0" skipped="0">
  <reporter-output>
  </reporter-output>
  <suite started-at="2022-02-18T16:20:31 IST" name="Command line suite" finished-at="2022-02-18T16:20:50 IST" duration-ms="19415">
    <groups>
    </groups>
    <test started-at="2022-02-18T16:20:31 IST" name="Command line test" finished-at="2022-02-18T16:20:50 IST" duration-ms="19415">
      <class name="com.organisation1.MyProject.basetest.CartPageTest">
        <test-method is-config="true" signature="setUp()[pri:0, instance:com.organisation1.MyProject.basetest.CartPageTest@c540f5a]" started-at="2022-02-18T16:20:31 IST" name="setUp" finished-at="2022-02-18T16:20:35 IST" duration-ms="3539" status="PASS">
          <reporter-output>
          </reporter-output>
        </test-method> <!-- setUp -->
        <test-method signature="ValidateCartsectionname()[pri:0, instance:com.organisation1.MyProject.basetest.CartPageTest@c540f5a]" started-at="2022-02-18T16:20:35 IST" name="ValidateCartsectionname" finished-at="2022-02-18T16:20:36 IST" duration-ms="1208" status="PASS">
          <reporter-output>
          </reporter-output>
        </test-method> <!-- ValidateCartsectionname -->
        <test-method is-config="true" signature="tearDown()[pri:0, instance:com.organisation1.MyProject.basetest.CartPageTest@c540f5a]" started-at="2022-02-18T16:20:36 IST" name="tearDown" finished-at="2022-02-18T16:20:36 IST" duration-ms="561" status="PASS">
          <reporter-output>
          </reporter-output>
        </test-method> <!-- tearDown -->
        <test-method is-config="true" signature="setUp()[pri:0, instance:com.organisation1.MyProject.basetest.CartPageTest@c540f5a]" started-at="2022-02-18T16:20:36 IST" name="setUp" finished-at="2022-02-18T16:20:38 IST" duration-ms="1656" status="PASS">
          <reporter-output>
          </reporter-output>
        </test-method> <!-- setUp -->
        <test-method signature="ValidateCartColumns()[pri:1, instance:com.organisation1.MyProject.basetest.CartPageTest@c540f5a]" started-at="2022-02-18T16:20:38 IST" name="ValidateCartColumns" finished-at="2022-02-18T16:20:39 IST" duration-ms="496" status="PASS">
          <reporter-output>
          </reporter-output>
        </test-method> <!-- ValidateCartColumns -->
        <test-method is-config="true" signature="tearDown()[pri:0, instance:com.organisation1.MyProject.basetest.CartPageTest@c540f5a]" started-at="2022-02-18T16:20:39 IST" name="tearDown" finished-at="2022-02-18T16:20:39 IST" duration-ms="438" status="PASS">
          <reporter-output>
          </reporter-output>
        </test-method> <!-- tearDown -->
        <test-method is-config="true" signature="setUp()[pri:0, instance:com.organisation1.MyProject.basetest.CartPageTest@c540f5a]" started-at="2022-02-18T16:20:39 IST" name="setUp" finished-at="2022-02-18T16:20:41 IST" duration-ms="1575" status="PASS">
          <reporter-output>
          </reporter-output>
        </test-method> <!-- setUp -->
        <test-method signature="ValidateCartButtons()[pri:2, instance:com.organisation1.MyProject.basetest.CartPageTest@c540f5a]" started-at="2022-02-18T16:20:41 IST" name="ValidateCartButtons" finished-at="2022-02-18T16:20:41 IST" duration-ms="550" status="PASS">
          <reporter-output>
          </reporter-output>
        </test-method> <!-- ValidateCartButtons -->
        <test-method is-config="true" signature="tearDown()[pri:0, instance:com.organisation1.MyProject.basetest.CartPageTest@c540f5a]" started-at="2022-02-18T16:20:41 IST" name="tearDown" finished-at="2022-02-18T16:20:42 IST" duration-ms="524" status="PASS">
          <reporter-output>
          </reporter-output>
        </test-method> <!-- tearDown -->
        <test-method is-config="true" signature="setUp()[pri:0, instance:com.organisation1.MyProject.basetest.CartPageTest@c540f5a]" started-at="2022-02-18T16:20:42 IST" name="setUp" finished-at="2022-02-18T16:20:43 IST" duration-ms="1713" status="PASS">
          <reporter-output>
          </reporter-output>
        </test-method> <!-- setUp -->
        <test-method signature="ClickOnContinueShoppingButton()[pri:3, instance:com.organisation1.MyProject.basetest.CartPageTest@c540f5a]" started-at="2022-02-18T16:20:43 IST" name="ClickOnContinueShoppingButton" finished-at="2022-02-18T16:20:44 IST" duration-ms="527" status="PASS">
          <reporter-output>
          </reporter-output>
        </test-method> <!-- ClickOnContinueShoppingButton -->
        <test-method is-config="true" signature="tearDown()[pri:0, instance:com.organisation1.MyProject.basetest.CartPageTest@c540f5a]" started-at="2022-02-18T16:20:44 IST" name="tearDown" finished-at="2022-02-18T16:20:44 IST" duration-ms="525" status="PASS">
          <reporter-output>
          </reporter-output>
        </test-method> <!-- tearDown -->
      </class> <!-- com.organisation1.MyProject.basetest.CartPageTest -->
      <class name="com.organisation1.MyProject.basetest.LoginTest">
        <test-method is-config="true" signature="setUp()[pri:0, instance:com.organisation1.MyProject.basetest.LoginTest@105fece7]" started-at="2022-02-18T16:20:44 IST" name="setUp" finished-at="2022-02-18T16:20:46 IST" duration-ms="1700" status="PASS">
          <reporter-output>
          </reporter-output>
        </test-method> <!-- setUp -->
        <test-method signature="Login()[pri:0, instance:com.organisation1.MyProject.basetest.LoginTest@105fece7]" started-at="2022-02-18T16:20:46 IST" name="Login" finished-at="2022-02-18T16:20:47 IST" duration-ms="446" status="PASS">
          <reporter-output>
          </reporter-output>
        </test-method> <!-- Login -->
        <test-method is-config="true" signature="tearDown()[pri:0, instance:com.organisation1.MyProject.basetest.LoginTest@105fece7]" started-at="2022-02-18T16:20:47 IST" name="tearDown" finished-at="2022-02-18T16:20:47 IST" duration-ms="479" status="PASS">
          <reporter-output>
          </reporter-output>
        </test-method> <!-- tearDown -->
        <test-method is-config="true" signature="setUp()[pri:0, instance:com.organisation1.MyProject.basetest.LoginTest@105fece7]" started-at="2022-02-18T16:20:47 IST" name="setUp" finished-at="2022-02-18T16:20:49 IST" duration-ms="1621" status="PASS">
          <reporter-output>
          </reporter-output>
        </test-method> <!-- setUp -->
        <test-method signature="MenuValidation()[pri:1, instance:com.organisation1.MyProject.basetest.LoginTest@105fece7]" started-at="2022-02-18T16:20:49 IST" name="MenuValidation" finished-at="2022-02-18T16:20:50 IST" duration-ms="1247" status="PASS">
          <reporter-output>
          </reporter-output>
        </test-method> <!-- MenuValidation -->
        <test-method is-config="true" signature="tearDown()[pri:0, instance:com.organisation1.MyProject.basetest.LoginTest@105fece7]" started-at="2022-02-18T16:20:50 IST" name="tearDown" finished-at="2022-02-18T16:20:50 IST" duration-ms="539" status="PASS">
          <reporter-output>
          </reporter-output>
        </test-method> <!-- tearDown -->
      </class> <!-- com.organisation1.MyProject.basetest.LoginTest -->
    </test> <!-- Command line test -->
  </suite> <!-- Command line suite -->
</testng-results>
