<?xml version="1.0" encoding="UTF-8"?>
<testng-results ignored="0" total="6" passed="6" failed="0" skipped="0">
  <reporter-output>
  </reporter-output>
  <suite started-at="2022-02-17T15:07:25 IST" name="Command line suite" finished-at="2022-02-17T15:07:44 IST" duration-ms="19068">
    <groups>
    </groups>
    <test started-at="2022-02-17T15:07:25 IST" name="Command line test" finished-at="2022-02-17T15:07:44 IST" duration-ms="19068">
      <class name="com.organisation1.MyProject.basetest.CartPageTest">
        <test-method is-config="true" signature="setUp()[pri:0, instance:com.organisation1.MyProject.basetest.CartPageTest@57175e74]" started-at="2022-02-17T15:07:25 IST" name="setUp" finished-at="2022-02-17T15:07:29 IST" duration-ms="3629" status="PASS">
          <reporter-output>
          </reporter-output>
        </test-method> <!-- setUp -->
        <test-method signature="ValidateCartsectionname()[pri:0, instance:com.organisation1.MyProject.basetest.CartPageTest@57175e74]" started-at="2022-02-17T15:07:29 IST" name="ValidateCartsectionname" finished-at="2022-02-17T15:07:30 IST" duration-ms="1121" status="PASS">
          <reporter-output>
          </reporter-output>
        </test-method> <!-- ValidateCartsectionname -->
        <test-method is-config="true" signature="tearDown()[pri:0, instance:com.organisation1.MyProject.basetest.CartPageTest@57175e74]" started-at="2022-02-17T15:07:30 IST" name="tearDown" finished-at="2022-02-17T15:07:30 IST" duration-ms="538" status="PASS">
          <reporter-output>
          </reporter-output>
        </test-method> <!-- tearDown -->
        <test-method is-config="true" signature="setUp()[pri:0, instance:com.organisation1.MyProject.basetest.CartPageTest@57175e74]" started-at="2022-02-17T15:07:30 IST" name="setUp" finished-at="2022-02-17T15:07:32 IST" duration-ms="1538" status="PASS">
          <reporter-output>
          </reporter-output>
        </test-method> <!-- setUp -->
        <test-method signature="ValidateCartColumns()[pri:1, instance:com.organisation1.MyProject.basetest.CartPageTest@57175e74]" started-at="2022-02-17T15:07:32 IST" name="ValidateCartColumns" finished-at="2022-02-17T15:07:32 IST" duration-ms="491" status="PASS">
          <reporter-output>
          </reporter-output>
        </test-method> <!-- ValidateCartColumns -->
        <test-method is-config="true" signature="tearDown()[pri:0, instance:com.organisation1.MyProject.basetest.CartPageTest@57175e74]" started-at="2022-02-17T15:07:32 IST" name="tearDown" finished-at="2022-02-17T15:07:33 IST" duration-ms="448" status="PASS">
          <reporter-output>
          </reporter-output>
        </test-method> <!-- tearDown -->
        <test-method is-config="true" signature="setUp()[pri:0, instance:com.organisation1.MyProject.basetest.CartPageTest@57175e74]" started-at="2022-02-17T15:07:33 IST" name="setUp" finished-at="2022-02-17T15:07:35 IST" duration-ms="1769" status="PASS">
          <reporter-output>
          </reporter-output>
        </test-method> <!-- setUp -->
        <test-method signature="ValidateCartButtons()[pri:2, instance:com.organisation1.MyProject.basetest.CartPageTest@57175e74]" started-at="2022-02-17T15:07:35 IST" name="ValidateCartButtons" finished-at="2022-02-17T15:07:35 IST" duration-ms="635" status="PASS">
          <reporter-output>
          </reporter-output>
        </test-method> <!-- ValidateCartButtons -->
        <test-method is-config="true" signature="tearDown()[pri:0, instance:com.organisation1.MyProject.basetest.CartPageTest@57175e74]" started-at="2022-02-17T15:07:35 IST" name="tearDown" finished-at="2022-02-17T15:07:36 IST" duration-ms="384" status="PASS">
          <reporter-output>
          </reporter-output>
        </test-method> <!-- tearDown -->
        <test-method is-config="true" signature="setUp()[pri:0, instance:com.organisation1.MyProject.basetest.CartPageTest@57175e74]" started-at="2022-02-17T15:07:36 IST" name="setUp" finished-at="2022-02-17T15:07:37 IST" duration-ms="1608" status="PASS">
          <reporter-output>
          </reporter-output>
        </test-method> <!-- setUp -->
        <test-method signature="ClickOnContinueShoppingButton()[pri:3, instance:com.organisation1.MyProject.basetest.CartPageTest@57175e74]" started-at="2022-02-17T15:07:37 IST" name="ClickOnContinueShoppingButton" finished-at="2022-02-17T15:07:38 IST" duration-ms="519" status="PASS">
          <reporter-output>
          </reporter-output>
        </test-method> <!-- ClickOnContinueShoppingButton -->
        <test-method is-config="true" signature="tearDown()[pri:0, instance:com.organisation1.MyProject.basetest.CartPageTest@57175e74]" started-at="2022-02-17T15:07:38 IST" name="tearDown" finished-at="2022-02-17T15:07:38 IST" duration-ms="427" status="PASS">
          <reporter-output>
          </reporter-output>
        </test-method> <!-- tearDown -->
      </class> <!-- com.organisation1.MyProject.basetest.CartPageTest -->
      <class name="com.organisation1.MyProject.basetest.LoginTest">
        <test-method is-config="true" signature="setUp()[pri:0, instance:com.organisation1.MyProject.basetest.LoginTest@40e6dfe1]" started-at="2022-02-17T15:07:38 IST" name="setUp" finished-at="2022-02-17T15:07:40 IST" duration-ms="1629" status="PASS">
          <reporter-output>
          </reporter-output>
        </test-method> <!-- setUp -->
        <test-method signature="Login()[pri:0, instance:com.organisation1.MyProject.basetest.LoginTest@40e6dfe1]" started-at="2022-02-17T15:07:40 IST" name="Login" finished-at="2022-02-17T15:07:40 IST" duration-ms="454" status="PASS">
          <reporter-output>
          </reporter-output>
        </test-method> <!-- Login -->
        <test-method is-config="true" signature="tearDown()[pri:0, instance:com.organisation1.MyProject.basetest.LoginTest@40e6dfe1]" started-at="2022-02-17T15:07:40 IST" name="tearDown" finished-at="2022-02-17T15:07:41 IST" duration-ms="478" status="PASS">
          <reporter-output>
          </reporter-output>
        </test-method> <!-- tearDown -->
        <test-method is-config="true" signature="setUp()[pri:0, instance:com.organisation1.MyProject.basetest.LoginTest@40e6dfe1]" started-at="2022-02-17T15:07:41 IST" name="setUp" finished-at="2022-02-17T15:07:42 IST" duration-ms="1663" status="PASS">
          <reporter-output>
          </reporter-output>
        </test-method> <!-- setUp -->
        <test-method signature="MenuValidation()[pri:1, instance:com.organisation1.MyProject.basetest.LoginTest@40e6dfe1]" started-at="2022-02-17T15:07:42 IST" name="MenuValidation" finished-at="2022-02-17T15:07:44 IST" duration-ms="1265" status="PASS">
          <reporter-output>
          </reporter-output>
        </test-method> <!-- MenuValidation -->
        <test-method is-config="true" signature="tearDown()[pri:0, instance:com.organisation1.MyProject.basetest.LoginTest@40e6dfe1]" started-at="2022-02-17T15:07:44 IST" name="tearDown" finished-at="2022-02-17T15:07:44 IST" duration-ms="402" status="PASS">
          <reporter-output>
          </reporter-output>
        </test-method> <!-- tearDown -->
      </class> <!-- com.organisation1.MyProject.basetest.LoginTest -->
    </test> <!-- Command line test -->
  </suite> <!-- Command line suite -->
</testng-results>
