<?xml version="1.0" encoding="UTF-8"?>
<testng-results ignored="3" total="4" passed="1" failed="0" skipped="0">
  <reporter-output>
  </reporter-output>
  <suite started-at="2022-02-13T16:27:16 IST" name="Default suite" finished-at="2022-02-13T16:27:24 IST" duration-ms="7890">
    <groups>
    </groups>
    <test started-at="2022-02-13T16:27:16 IST" name="Default test" finished-at="2022-02-13T16:27:24 IST" duration-ms="7890">
      <class name="com.organisation1.MyProject.basetest.CartPageTest">
        <test-method is-config="true" signature="setUp()[pri:0, instance:com.organisation1.MyProject.basetest.CartPageTest@38c6f217]" started-at="2022-02-13T16:27:16 IST" name="setUp" finished-at="2022-02-13T16:27:20 IST" duration-ms="4583" status="PASS">
          <reporter-output>
          </reporter-output>
        </test-method> <!-- setUp -->
        <test-method signature="ValidateCartColumns()[pri:1, instance:com.organisation1.MyProject.basetest.CartPageTest@38c6f217]" started-at="2022-02-13T16:27:20 IST" name="ValidateCartColumns" finished-at="2022-02-13T16:27:23 IST" duration-ms="2500" status="PASS">
          <reporter-output>
          </reporter-output>
        </test-method> <!-- ValidateCartColumns -->
        <test-method is-config="true" signature="tearDown()[pri:0, instance:com.organisation1.MyProject.basetest.CartPageTest@38c6f217]" started-at="2022-02-13T16:27:23 IST" name="tearDown" finished-at="2022-02-13T16:27:24 IST" duration-ms="719" status="PASS">
          <reporter-output>
          </reporter-output>
        </test-method> <!-- tearDown -->
      </class> <!-- com.organisation1.MyProject.basetest.CartPageTest -->
    </test> <!-- Default test -->
  </suite> <!-- Default suite -->
</testng-results>
